<?xml version="1.0" encoding="UTF-8"?>
<!-- Generated by org.testng.reporters.JUnitReportReporter -->
<testsuite hostname="DESKTOP-R1FF5SH" failures="0" tests="2" name="selenium.NewTest2" time="0.001" errors="0" timestamp="23 Jan. 2022 14:44:45 GMT" skipped="0">
  <testcase classname="selenium.NewTest2" name="Test5" time="0.001"/>
  <testcase classname="selenium.NewTest2" name="Test4" time="0.000"/>
</testsuite> <!-- selenium.NewTest2 -->
