<?xml version="1.0" encoding="UTF-8"?>
<!-- Generated by org.testng.reporters.JUnitReportReporter -->
<testsuite hostname="DESKTOP-R1FF5SH" failures="0" tests="5" name="selenium.NewTest" time="0.019" errors="0" timestamp="23 Jan. 2022 14:44:45 GMT" skipped="0">
  <testcase classname="selenium.NewTest" name="Test1" time="0.006"/>
  <testcase classname="selenium.NewTest" name="abc" time="0.002"/>
  <testcase classname="selenium.NewTest" name="abc" time="0.005"/>
  <testcase classname="selenium.NewTest" name="Test2" time="0.005"/>
  <testcase classname="selenium.NewTest" name="Test3" time="0.001"/>
</testsuite> <!-- selenium.NewTest -->
